2025-11-11 12:57:00 | WARN | repo=course-sys-int-systems-exam | action=commit
2025-05-19 14:20:00 | INFO | repo=course-sys-int-systems-exam | action=commit
2025-11-25 07:56:00 | DEBUG | repo=course-sys-int-systems-exam | action=edit | files=2
2025-09-27 07:41:00 | INFO | repo=course-sys-int-systems-exam | action=commit
2025-01-01 07:39:00 | INFO | repo=course-sys-int-systems-exam | action=commit
2025-05-02 15:54:00 | WARN | repo=course-sys-int-systems-exam | action=commit
2025-10-18 17:08:00 | WARN | repo=course-sys-int-systems-exam | action=commit
2025-09-16 19:38:00 | WARN | repo=course-sys-int-systems-exam | action=commit
2025-02-21 08:55:00 | DEBUG | repo=course-sys-int-systems-exam | action=commit
2025-03-13 17:35:00 | WARN | repo=course-sys-int-systems-exam | action=test | passed=true
2025-05-25 19:37:00 | INFO | repo=course-sys-int-systems-exam | action=pull
2025-07-27 19:55:00 | INFO | repo=course-sys-int-systems-exam | action=test | passed=true
2025-01-15 20:06:00 | INFO | repo=course-sys-int-systems-exam | action=edit | files=4
2025-10-16 19:17:00 | DEBUG | repo=course-sys-int-systems-exam | action=commit
2025-01-19 14:24:00 | WARN | repo=course-sys-int-systems-exam | action=commit
2025-07-26 12:46:00 | DEBUG | repo=course-sys-int-systems-exam | action=test | passed=true
2025-01-05 12:07:00 | WARN | repo=course-sys-int-systems-exam | action=edit | files=4
2025-03-02 21:41:00 | INFO | repo=course-sys-int-systems-exam | action=pull
2025-11-11 12:02:00 | DEBUG | repo=course-sys-int-systems-exam | action=pull
2025-03-04 14:50:00 | WARN | repo=course-sys-int-systems-exam | action=commit
2025-09-14 14:04:00 | WARN | repo=course-sys-int-systems-exam | action=commit
2025-07-20 16:05:00 | WARN | repo=course-sys-int-systems-exam | action=commit
2025-05-26 21:13:00 | DEBUG | repo=course-sys-int-systems-exam | action=commit
2025-09-04 07:53:00 | WARN | repo=course-sys-int-systems-exam | action=commit
2025-07-06 16:58:00 | WARN | repo=course-sys-int-systems-exam | action=edit | files=5
2025-01-14 14:09:00 | DEBUG | repo=course-sys-int-systems-exam | action=commit
2025-07-18 19:12:00 | INFO | repo=course-sys-int-systems-exam | action=commit
2025-08-13 21:22:00 | INFO | repo=course-sys-int-systems-exam | action=commit
2025-01-15 18:44:00 | INFO | repo=course-sys-int-systems-exam | action=commit
2025-08-01 09:48:00 | DEBUG | repo=course-sys-int-systems-exam | action=commit
2025-05-15 09:27:00 | INFO | repo=course-sys-int-systems-exam | action=pull
2025-08-10 12:45:00 | WARN | repo=course-sys-int-systems-exam | action=commit
2025-12-04 19:36:00 | DEBUG | repo=course-sys-int-systems-exam | action=edit | files=3
2025-07-28 10:52:00 | WARN | repo=course-sys-int-systems-exam | action=commit
2025-09-11 15:40:00 | DEBUG | repo=course-sys-int-systems-exam | action=pull
2025-12-20 17:51:00 | DEBUG | repo=course-sys-int-systems-exam | action=commit
2025-06-15 09:50:00 | DEBUG | repo=course-sys-int-systems-exam | action=commit
2025-09-18 14:50:00 | WARN | repo=course-sys-int-systems-exam | action=commit
2025-04-10 18:07:00 | INFO | repo=course-sys-int-systems-exam | action=pull
2025-03-19 16:09:00 | WARN | repo=course-sys-int-systems-exam | action=commit
2025-12-02 14:08:00 | WARN | repo=course-sys-int-systems-exam | action=commit
2025-12-16 20:20:00 | INFO | repo=course-sys-int-systems-exam | action=test | passed=true
2025-05-25 18:43:00 | WARN | repo=course-sys-int-systems-exam | action=commit
2025-01-04 21:29:00 | WARN | repo=course-sys-int-systems-exam | action=commit
2025-11-28 19:59:00 | INFO | repo=course-sys-int-systems-exam | action=commit
